<?xml version="1.0" encoding="UTF-8"?>
<!-- Generated by org.testng.reporters.JUnitReportReporter -->
<testsuite name="selenium.myProject.com.FirstClassTest" tests="2" time="30.430" ignored="0" failures="0" timestamp="19 Jan 2017 11:16:40 GMT" skipped="0" hostname="IN-GJAIN" errors="0">
  <testcase name="searchTest" time="10.388" classname="selenium.myProject.com.FirstClassTest"/>
  <testcase name="openSubMenuTest" time="20.042" classname="selenium.myProject.com.FirstClassTest"/>
</testsuite> <!-- selenium.myProject.com.FirstClassTest -->
