<?xml version="1.0" encoding="UTF-8"?>
<!-- Generated by org.testng.reporters.JUnitReportReporter -->
<testsuite name="selenium.myProject.com.Test" tests="1" time="0.016" ignored="0" failures="0" timestamp="09 Jan 2017 06:29:13 GMT" skipped="0" hostname="IN-GJAIN" errors="0">
  <testcase name="printWorld" time="0.016" classname="selenium.myProject.com.Test"/>
</testsuite> <!-- selenium.myProject.com.Test -->
